2018-01-18 at 09:30:18 CST [nioEventLoopGroup-3-2] ERROR com.lance.net.server.service.TextWebSocketFrameHandler   - =====> 远程主机强迫关闭了一个现有的连接。
2018-01-18 at 11:20:19 CST [nioEventLoopGroup-3-6] ERROR com.lance.net.server.service.TextWebSocketFrameHandler   - =====> 远程主机强迫关闭了一个现有的连接。
2018-01-18 at 11:20:19 CST [nioEventLoopGroup-3-2] ERROR com.lance.net.server.service.TextWebSocketFrameHandler   - =====> 远程主机强迫关闭了一个现有的连接。
2018-01-18 at 11:20:19 CST [nioEventLoopGroup-3-4] ERROR com.lance.net.server.service.TextWebSocketFrameHandler   - =====> 远程主机强迫关闭了一个现有的连接。
2018-01-18 at 11:20:19 CST [nioEventLoopGroup-3-8] ERROR com.lance.net.server.service.TextWebSocketFrameHandler   - =====> 远程主机强迫关闭了一个现有的连接。
2018-01-18 at 11:20:19 CST [nioEventLoopGroup-3-3] ERROR com.lance.net.server.service.TextWebSocketFrameHandler   - =====> 远程主机强迫关闭了一个现有的连接。
2018-01-18 at 11:20:19 CST [nioEventLoopGroup-3-5] ERROR com.lance.net.server.service.TextWebSocketFrameHandler   - =====> 远程主机强迫关闭了一个现有的连接。
2018-01-18 at 11:20:19 CST [nioEventLoopGroup-3-7] ERROR com.lance.net.server.service.TextWebSocketFrameHandler   - =====> 远程主机强迫关闭了一个现有的连接。
2018-01-18 at 11:20:19 CST [nioEventLoopGroup-3-1] ERROR com.lance.net.server.service.TextWebSocketFrameHandler   - =====> 远程主机强迫关闭了一个现有的连接。
2018-01-18 at 11:20:52 CST [nioEventLoopGroup-3-3] ERROR com.lance.net.server.service.TextWebSocketFrameHandler   - =====> 远程主机强迫关闭了一个现有的连接。
2018-01-18 at 11:20:52 CST [nioEventLoopGroup-3-4] ERROR com.lance.net.server.service.TextWebSocketFrameHandler   - =====> 远程主机强迫关闭了一个现有的连接。
2018-01-18 at 11:21:09 CST [nioEventLoopGroup-3-8] ERROR com.lance.net.server.service.TextWebSocketFrameHandler   - =====> 远程主机强迫关闭了一个现有的连接。
2018-01-18 at 11:21:09 CST [nioEventLoopGroup-3-1] ERROR com.lance.net.server.service.TextWebSocketFrameHandler   - =====> 远程主机强迫关闭了一个现有的连接。
2018-01-18 at 13:22:23 CST [nioEventLoopGroup-3-8] ERROR com.lance.net.server.service.TextWebSocketFrameHandler   - =====> null
2018-01-19 at 11:03:15 CST [main] ERROR org.apache.coyote.http11.Http11NioProtocol   - Failed to start end point associated with ProtocolHandler ["http-nio-9971"] java.net.BindException: Address already in use: bind
	at sun.nio.ch.Net.bind0(Native Method) ~[?:1.8.0_131]
	at sun.nio.ch.Net.bind(Net.java:433) ~[?:1.8.0_131]
	at sun.nio.ch.Net.bind(Net.java:425) ~[?:1.8.0_131]
	at sun.nio.ch.ServerSocketChannelImpl.bind(ServerSocketChannelImpl.java:223) ~[?:1.8.0_131]
	at sun.nio.ch.ServerSocketAdaptor.bind(ServerSocketAdaptor.java:74) ~[?:1.8.0_131]
	at org.apache.tomcat.util.net.NioEndpoint.bind(NioEndpoint.java:210) ~[tomcat-embed-core-8.5.16.jar:8.5.16]
	at org.apache.tomcat.util.net.AbstractEndpoint.start(AbstractEndpoint.java:990) ~[tomcat-embed-core-8.5.16.jar:8.5.16]
	at org.apache.coyote.AbstractProtocol.start(AbstractProtocol.java:635) ~[tomcat-embed-core-8.5.16.jar:8.5.16]
	at org.apache.catalina.connector.Connector.startInternal(Connector.java:1022) ~[tomcat-embed-core-8.5.16.jar:8.5.16]
	at org.apache.catalina.util.LifecycleBase.start(LifecycleBase.java:150) ~[tomcat-embed-core-8.5.16.jar:8.5.16]
	at org.apache.catalina.core.StandardService.addConnector(StandardService.java:225) ~[tomcat-embed-core-8.5.16.jar:8.5.16]
	at org.springframework.boot.context.embedded.tomcat.TomcatEmbeddedServletContainer.addPreviouslyRemovedConnectors(TomcatEmbeddedServletContainer.java:250) ~[spring-boot-1.5.6.RELEASE.jar:1.5.6.RELEASE]
	at org.springframework.boot.context.embedded.tomcat.TomcatEmbeddedServletContainer.start(TomcatEmbeddedServletContainer.java:193) ~[spring-boot-1.5.6.RELEASE.jar:1.5.6.RELEASE]
	at org.springframework.boot.context.embedded.EmbeddedWebApplicationContext.startEmbeddedServletContainer(EmbeddedWebApplicationContext.java:297) ~[spring-boot-1.5.6.RELEASE.jar:1.5.6.RELEASE]
	at org.springframework.boot.context.embedded.EmbeddedWebApplicationContext.finishRefresh(EmbeddedWebApplicationContext.java:145) ~[spring-boot-1.5.6.RELEASE.jar:1.5.6.RELEASE]
	at org.springframework.context.support.AbstractApplicationContext.refresh(AbstractApplicationContext.java:546) ~[spring-context-4.3.10.RELEASE.jar:4.3.10.RELEASE]
	at org.springframework.boot.context.embedded.EmbeddedWebApplicationContext.refresh(EmbeddedWebApplicationContext.java:122) ~[spring-boot-1.5.6.RELEASE.jar:1.5.6.RELEASE]
	at org.springframework.boot.SpringApplication.refresh(SpringApplication.java:693) ~[spring-boot-1.5.6.RELEASE.jar:1.5.6.RELEASE]
	at org.springframework.boot.SpringApplication.refreshContext(SpringApplication.java:360) ~[spring-boot-1.5.6.RELEASE.jar:1.5.6.RELEASE]
	at org.springframework.boot.SpringApplication.run(SpringApplication.java:303) ~[spring-boot-1.5.6.RELEASE.jar:1.5.6.RELEASE]
	at org.springframework.boot.SpringApplication.run(SpringApplication.java:1118) ~[spring-boot-1.5.6.RELEASE.jar:1.5.6.RELEASE]
	at org.springframework.boot.SpringApplication.run(SpringApplication.java:1107) ~[spring-boot-1.5.6.RELEASE.jar:1.5.6.RELEASE]
	at com.lance.net.server.NettyWebSocketServerApplication.main(NettyWebSocketServerApplication.java:21) ~[classes/:?]

2018-01-19 at 11:03:15 CST [main] ERROR org.apache.catalina.core.StandardService   - Failed to start connector [Connector[HTTP/1.1-9971]] org.apache.catalina.LifecycleException: Failed to start component [Connector[HTTP/1.1-9971]]
	at org.apache.catalina.util.LifecycleBase.start(LifecycleBase.java:167) ~[tomcat-embed-core-8.5.16.jar:8.5.16]
	at org.apache.catalina.core.StandardService.addConnector(StandardService.java:225) ~[tomcat-embed-core-8.5.16.jar:8.5.16]
	at org.springframework.boot.context.embedded.tomcat.TomcatEmbeddedServletContainer.addPreviouslyRemovedConnectors(TomcatEmbeddedServletContainer.java:250) ~[spring-boot-1.5.6.RELEASE.jar:1.5.6.RELEASE]
	at org.springframework.boot.context.embedded.tomcat.TomcatEmbeddedServletContainer.start(TomcatEmbeddedServletContainer.java:193) ~[spring-boot-1.5.6.RELEASE.jar:1.5.6.RELEASE]
	at org.springframework.boot.context.embedded.EmbeddedWebApplicationContext.startEmbeddedServletContainer(EmbeddedWebApplicationContext.java:297) ~[spring-boot-1.5.6.RELEASE.jar:1.5.6.RELEASE]
	at org.springframework.boot.context.embedded.EmbeddedWebApplicationContext.finishRefresh(EmbeddedWebApplicationContext.java:145) ~[spring-boot-1.5.6.RELEASE.jar:1.5.6.RELEASE]
	at org.springframework.context.support.AbstractApplicationContext.refresh(AbstractApplicationContext.java:546) ~[spring-context-4.3.10.RELEASE.jar:4.3.10.RELEASE]
	at org.springframework.boot.context.embedded.EmbeddedWebApplicationContext.refresh(EmbeddedWebApplicationContext.java:122) ~[spring-boot-1.5.6.RELEASE.jar:1.5.6.RELEASE]
	at org.springframework.boot.SpringApplication.refresh(SpringApplication.java:693) ~[spring-boot-1.5.6.RELEASE.jar:1.5.6.RELEASE]
	at org.springframework.boot.SpringApplication.refreshContext(SpringApplication.java:360) ~[spring-boot-1.5.6.RELEASE.jar:1.5.6.RELEASE]
	at org.springframework.boot.SpringApplication.run(SpringApplication.java:303) ~[spring-boot-1.5.6.RELEASE.jar:1.5.6.RELEASE]
	at org.springframework.boot.SpringApplication.run(SpringApplication.java:1118) ~[spring-boot-1.5.6.RELEASE.jar:1.5.6.RELEASE]
	at org.springframework.boot.SpringApplication.run(SpringApplication.java:1107) ~[spring-boot-1.5.6.RELEASE.jar:1.5.6.RELEASE]
	at com.lance.net.server.NettyWebSocketServerApplication.main(NettyWebSocketServerApplication.java:21) ~[classes/:?]
Caused by: org.apache.catalina.LifecycleException: service.getName(): "Tomcat";  Protocol handler start failed
	at org.apache.catalina.connector.Connector.startInternal(Connector.java:1029) ~[tomcat-embed-core-8.5.16.jar:8.5.16]
	at org.apache.catalina.util.LifecycleBase.start(LifecycleBase.java:150) ~[tomcat-embed-core-8.5.16.jar:8.5.16]
	... 13 more
Caused by: java.net.BindException: Address already in use: bind
	at sun.nio.ch.Net.bind0(Native Method) ~[?:1.8.0_131]
	at sun.nio.ch.Net.bind(Net.java:433) ~[?:1.8.0_131]
	at sun.nio.ch.Net.bind(Net.java:425) ~[?:1.8.0_131]
	at sun.nio.ch.ServerSocketChannelImpl.bind(ServerSocketChannelImpl.java:223) ~[?:1.8.0_131]
	at sun.nio.ch.ServerSocketAdaptor.bind(ServerSocketAdaptor.java:74) ~[?:1.8.0_131]
	at org.apache.tomcat.util.net.NioEndpoint.bind(NioEndpoint.java:210) ~[tomcat-embed-core-8.5.16.jar:8.5.16]
	at org.apache.tomcat.util.net.AbstractEndpoint.start(AbstractEndpoint.java:990) ~[tomcat-embed-core-8.5.16.jar:8.5.16]
	at org.apache.coyote.AbstractProtocol.start(AbstractProtocol.java:635) ~[tomcat-embed-core-8.5.16.jar:8.5.16]
	at org.apache.catalina.connector.Connector.startInternal(Connector.java:1022) ~[tomcat-embed-core-8.5.16.jar:8.5.16]
	at org.apache.catalina.util.LifecycleBase.start(LifecycleBase.java:150) ~[tomcat-embed-core-8.5.16.jar:8.5.16]
	... 13 more

2018-01-19 at 11:03:15 CST [main] ERROR org.springframework.boot.diagnostics.LoggingFailureAnalysisReporter   - 

***************************
APPLICATION FAILED TO START
***************************

Description:

The Tomcat connector configured to listen on port 9971 failed to start. The port may already be in use or the connector may be misconfigured.

Action:

Verify the connector's configuration, identify and stop any process that's listening on port 9971, or configure this application to listen on another port.

2018-01-19 at 11:16:21 CST [nioEventLoopGroup-3-2] ERROR com.lance.net.server.service.TextWebSocketFrameHandler   - =====> 远程主机强迫关闭了一个现有的连接。
2018-01-19 at 11:16:21 CST [nioEventLoopGroup-3-6] ERROR com.lance.net.server.service.TextWebSocketFrameHandler   - =====> 远程主机强迫关闭了一个现有的连接。
2018-01-19 at 11:16:21 CST [nioEventLoopGroup-3-5] ERROR com.lance.net.server.service.TextWebSocketFrameHandler   - =====> 远程主机强迫关闭了一个现有的连接。
2018-01-19 at 11:16:21 CST [nioEventLoopGroup-3-3] ERROR com.lance.net.server.service.TextWebSocketFrameHandler   - =====> 远程主机强迫关闭了一个现有的连接。
2018-01-19 at 12:10:49 CST [nioEventLoopGroup-3-6] ERROR com.lance.net.server.service.TextWebSocketFrameHandler   - =====> 远程主机强迫关闭了一个现有的连接。
2018-01-19 at 12:10:49 CST [nioEventLoopGroup-3-1] ERROR com.lance.net.server.service.TextWebSocketFrameHandler   - =====> 远程主机强迫关闭了一个现有的连接。
2018-01-19 at 12:10:49 CST [nioEventLoopGroup-3-3] ERROR com.lance.net.server.service.TextWebSocketFrameHandler   - =====> 远程主机强迫关闭了一个现有的连接。
2018-01-19 at 12:10:49 CST [nioEventLoopGroup-3-7] ERROR com.lance.net.server.service.TextWebSocketFrameHandler   - =====> 远程主机强迫关闭了一个现有的连接。
2018-01-19 at 12:10:49 CST [nioEventLoopGroup-3-4] ERROR com.lance.net.server.service.TextWebSocketFrameHandler   - =====> 远程主机强迫关闭了一个现有的连接。
2018-01-19 at 12:10:51 CST [nioEventLoopGroup-3-6] ERROR com.lance.net.server.service.TextWebSocketFrameHandler   - =====> 远程主机强迫关闭了一个现有的连接。
2018-01-19 at 12:10:51 CST [nioEventLoopGroup-3-7] ERROR com.lance.net.server.service.TextWebSocketFrameHandler   - =====> 远程主机强迫关闭了一个现有的连接。
2018-01-19 at 12:10:51 CST [nioEventLoopGroup-3-2] ERROR com.lance.net.server.service.TextWebSocketFrameHandler   - =====> 远程主机强迫关闭了一个现有的连接。
2018-01-19 at 12:10:51 CST [nioEventLoopGroup-3-5] ERROR com.lance.net.server.service.TextWebSocketFrameHandler   - =====> 远程主机强迫关闭了一个现有的连接。
